<?xml version="1.0" encoding="UTF-8"?>
<testng-results skipped="0" failed="0" ignored="0" total="1" passed="1">
  <reporter-output>
  </reporter-output>
  <suite name="Suite" duration-ms="18955" started-at="2022-06-25T03:50:04Z" finished-at="2022-06-25T03:50:23Z">
    <groups>
    </groups>
    <test name="Test" duration-ms="18955" started-at="2022-06-25T03:50:04Z" finished-at="2022-06-25T03:50:23Z">
      <class name="org.execuation.CrossBrowserTesting">
        <test-method status="PASS" signature="sample3(java.lang.String)[pri:0, instance:org.execuation.CrossBrowserTesting@57baeedf]" name="sample3" duration-ms="18849" started-at="2022-06-25T03:50:04Z" finished-at="2022-06-25T03:50:23Z">
          <params>
            <param index="0">
              <value>
                <![CDATA[edge]]>
              </value>
            </param>
          </params>
          <reporter-output>
          </reporter-output>
        </test-method> <!-- sample3 -->
      </class> <!-- org.execuation.CrossBrowserTesting -->
    </test> <!-- Test -->
  </suite> <!-- Suite -->
</testng-results>
