<?xml version="1.0" encoding="UTF-8"?>
<!-- Generated by org.testng.reporters.JUnitXMLReporter -->
<testsuite hostname="DESKTOP-M42G5V1" ignored="0" name="Default test" tests="3" failures="0" timestamp="25 Jun 2022 03:33:31 GMT" time="49.008" errors="0">
  <testcase name="sample3" time="22.303" classname="org.execuation.TestExe2"/>
  <testcase name="sample3" time="11.009" classname="org.execuation.TestExe2"/>
  <testcase name="sample3" time="13.555" classname="org.execuation.TestExe2"/>
</testsuite> <!-- Default test -->
